On branch master
Untracked files:
  (use "git add <file>..." to include in what will be committed)
	.local.git.out

nothing added to commit but untracked files present (use "git add" to track)
M	Makefile
[master 8a13627] \Total:                   0.0 of 70.0\
 1 file changed, 2 insertions(+), 2 deletions(-)
M	Makefile
[master 569467b] \Total:                   0.0 of 70.0\
 4 files changed, 3422 insertions(+), 1 deletion(-)
 create mode 100644 lex.yy.cc
 create mode 100644 y.tab.cc
 create mode 100644 y.tab.hh
M	Makefile
M	test-shell/testall.out
[master 17090ba] Commit
 2 files changed, 3 insertions(+), 47 deletions(-)
 rewrite test-shell/testall.out (94%)
 mode change 100755 => 100644
D	lex.yy.cc
D	y.tab.cc
D	y.tab.hh
[master d7903c4] Commit
 3 files changed, 3421 deletions(-)
 delete mode 100644 lex.yy.cc
 delete mode 100644 y.tab.cc
 delete mode 100644 y.tab.hh
M	shell.l
[master 3797d35] Commit
 4 files changed, 3421 insertions(+), 3 deletions(-)
 create mode 100644 lex.yy.cc
 create mode 100644 y.tab.cc
 create mode 100644 y.tab.hh
M	Makefile
M	lex.yy.cc
[master 43bf903] Commit
 2 files changed, 9 insertions(+), 16 deletions(-)
D	lex.yy.cc
D	y.tab.cc
D	y.tab.hh
[master 466018f] Commit
 3 files changed, 3414 deletions(-)
 delete mode 100644 lex.yy.cc
 delete mode 100644 y.tab.cc
 delete mode 100644 y.tab.hh
M	Makefile
M	test-shell/testall.out
[master 6eca80b] Commit
 2 files changed, 1 insertion(+), 2 deletions(-)
M	Makefile
[master ae993c3] Commit
 3 files changed, 224 insertions(+), 1 deletion(-)
 create mode 100755 cat_grep.cc
 create mode 100755 regular.cc
D	test-shell/files/aaa
D	test-shell/files/aaaa
D	test-shell/files/bbb
D	test-shell/files/ccc
D	test-shell/files/file-list-1
D	test-shell/files/file-list-2
[master 1731e29] Commit
 6 files changed, 107 deletions(-)
 delete mode 100755 test-shell/files/aaa
 delete mode 100755 test-shell/files/aaaa
 delete mode 100755 test-shell/files/bbb
 delete mode 100755 test-shell/files/ccc
 delete mode 100755 test-shell/files/file-list-1
 delete mode 100755 test-shell/files/file-list-2
M	Makefile
D	README.md
D	cat_grep.cc
M	command.cc
M	command.hh
M	read-line.c
D	regular.cc
M	shell.cc
M	shell.hh
M	shell.l
M	shell.y
M	simpleCommand.cc
M	simpleCommand.hh
M	tty-raw-mode.c
[master f497239] Commit
 14 files changed, 4 insertions(+), 225 deletions(-)
 mode change 100755 => 100644 Makefile
 delete mode 100644 README.md
 delete mode 100755 cat_grep.cc
 mode change 100755 => 100644 command.cc
 mode change 100755 => 100644 command.hh
 mode change 100755 => 100644 read-line.c
 delete mode 100755 regular.cc
 mode change 100755 => 100644 shell.cc
 mode change 100755 => 100644 shell.hh
 mode change 100755 => 100644 shell.l
 mode change 100755 => 100644 shell.y
 mode change 100755 => 100644 simpleCommand.cc
 mode change 100755 => 100644 simpleCommand.hh
 mode change 100755 => 100644 tty-raw-mode.c
M	Makefile
M	test-shell/testall.out
[master 4c31e6d] Commit
 2 files changed, 2 insertions(+), 1 deletion(-)
M	Makefile
M	command.cc
M	command.hh
M	read-line.c
M	shell.cc
M	shell.hh
M	shell.l
M	shell.y
M	simpleCommand.cc
M	simpleCommand.hh
M	test-shell/test_robustness
M	test-shell/test_subshell
M	test-shell/test_zombie
M	test-shell/testall
M	test-shell/testall.out
M	tty-raw-mode.c
[master cde8cbc] Commit
 16 files changed, 8 insertions(+), 18 deletions(-)
 mode change 100644 => 100755 Makefile
 mode change 100644 => 100755 command.cc
 mode change 100644 => 100755 command.hh
 mode change 100644 => 100755 read-line.c
 mode change 100644 => 100755 shell.cc
 mode change 100644 => 100755 shell.hh
 mode change 100644 => 100755 shell.l
 mode change 100644 => 100755 shell.y
 mode change 100644 => 100755 simpleCommand.cc
 mode change 100644 => 100755 simpleCommand.hh
 mode change 100644 => 100755 test-shell/testall.out
 mode change 100644 => 100755 tty-raw-mode.c
M	shell.l
[master 039f02f] Commit
 1 file changed, 1 insertion(+), 3 deletions(-)
M	test-shell/file-list-1
M	test-shell/file-list-2
M	test-shell/testall.out
[master 0592c2e] Commit
 3 files changed, 66 insertions(+), 3 deletions(-)
 mode change 100755 => 100644 test-shell/file-list-1
 mode change 100755 => 100644 test-shell/file-list-2
On branch master
Untracked files:
  (use "git add <file>..." to include in what will be committed)
	.gitignore
	.local.git.out
	out
	outfile
	shell
	"test-shell/\""

nothing added to commit but untracked files present (use "git add" to track)
M	test-shell/file-list-1
M	test-shell/file-list-2
[master 79983ae] Commit
 2 files changed, 4 insertions(+), 2 deletions(-)
On branch master
Untracked files:
  (use "git add <file>..." to include in what will be committed)
	.gitignore
	.local.git.out
	out
	out2
	outfile
	"test-shell/\""

nothing added to commit but untracked files present (use "git add" to track)
On branch master
Untracked files:
  (use "git add <file>..." to include in what will be committed)
	.gitignore
	.local.git.out
	out
	out2
	outfile
	"test-shell/\""

nothing added to commit but untracked files present (use "git add" to track)
Your branch and 'origin/master' have diverged,
and have 1 and 1 different commits each, respectively.
  (use "git pull" to merge the remote branch into yours)
[master fcb5211] Commit
 1 file changed, 3 insertions(+)
Your branch is ahead of 'origin/master' by 3 commits.
  (use "git push" to publish your local commits)
[master 00587bd] Commit
 1 file changed, 2 insertions(+)
M	.local.git.out
M	test-shell/file-list-1
M	test-shell/file-list-2
M	test-shell/testall.out
Your branch is up to date with 'origin/master'.
[master 95cd4e4] Commit
 4 files changed, 8 insertions(+), 3 deletions(-)
M	.local.git.out
M	shell.l
M	shell.y
Your branch is up to date with 'origin/master'.
[master 1feed7c] Commit
 3 files changed, 25 insertions(+), 16 deletions(-)
M	.local.git.out
M	Makefile
Your branch is up to date with 'origin/master'.
[master 75bf90f] Commit
 2 files changed, 6 insertions(+), 1 deletion(-)
M	.local.git.out
Your branch is up to date with 'origin/master'.
[master e638fc2] Commit
 1 file changed, 4 insertions(+)
M	.local.git.out
M	Makefile
Your branch is up to date with 'origin/master'.
[master 0863b56] Commit
 2 files changed, 6 insertions(+), 1 deletion(-)
M	.local.git.out
Your branch is up to date with 'origin/master'.
[master 9933006] Commit
 1 file changed, 4 insertions(+)
M	.local.git.out
M	Makefile
Your branch is up to date with 'origin/master'.
[master 85e8170] Commit
 2 files changed, 6 insertions(+), 1 deletion(-)
M	.local.git.out
M	Makefile
M	shell.y
Your branch is up to date with 'origin/master'.
[master d04e3c2] Commit
 3 files changed, 12 insertions(+), 7 deletions(-)
M	.local.git.out
M	Makefile
Your branch is up to date with 'origin/master'.
[master 72d10de] Commit
 2 files changed, 6 insertions(+), 1 deletion(-)
M	.local.git.out
M	command.cc
M	command.hh
M	shell.l
Your branch is up to date with 'origin/master'.
[master 45223b0] Commit
 4 files changed, 25 insertions(+), 14 deletions(-)
M	.local.git.out
M	Makefile
M	command.cc
M	command.hh
D	out
D	out2
M	read-line.c
M	shell.cc
M	shell.hh
M	shell.l
M	shell.y
M	simpleCommand.cc
M	simpleCommand.hh
M	tty-raw-mode.c
Your branch is up to date with 'origin/master'.
[master 5868916] Commit
 14 files changed, 432 insertions(+), 110 deletions(-)
 mode change 100755 => 100644 command.cc
 mode change 100755 => 100644 command.hh
 delete mode 100755 out
 delete mode 100644 out2
 mode change 100755 => 100644 read-line.c
 mode change 100755 => 100644 shell.cc
 mode change 100755 => 100644 shell.hh
 mode change 100755 => 100644 shell.l
 mode change 100755 => 100644 shell.y
 mode change 100755 => 100644 simpleCommand.cc
 mode change 100755 => 100644 simpleCommand.hh
 mode change 100755 => 100644 tty-raw-mode.c
M	.local.git.out
Your branch is up to date with 'origin/master'.
[master c5e0d94] Commit
 1 file changed, 16 insertions(+)
M	.local.git.out
M	command.cc
M	command.hh
M	shell.cc
M	shell.l
M	shell.y
M	test-shell/file-list-1
M	test-shell/file-list-2
M	test-shell/testall.out
Your branch is up to date with 'origin/master'.
[master 7999c4a] Commit
 9 files changed, 144 insertions(+), 465 deletions(-)
 rewrite shell.cc (78%)
 rewrite shell.l (74%)
M	.local.git.out
M	shell.cc
M	test-shell/file-list-1
M	test-shell/file-list-2
M	test-shell/testall.out
Your branch is up to date with 'origin/master'.
[master 514ca14] Commit
 6 files changed, 87 insertions(+), 5 deletions(-)
 create mode 100644 shell1.cc
M	.local.git.out
M	shell.cc
M	shell.l
M	shell.y
D	shell1.cc
Your branch is up to date with 'origin/master'.
[master 12dec9a] Commit
 6 files changed, 402 insertions(+), 12 deletions(-)
 rename shell1.cc => shell.cc (100%)
 create mode 100644 shell1.l
 create mode 100644 shell1.y
M	.local.git.out
M	shell.cc
M	shell.y
M	test-shell/file-list-1
M	test-shell/file-list-2
M	test-shell/testall.out
Your branch is up to date with 'origin/master'.
[master 352d969] Commit
 6 files changed, 34 insertions(+), 4 deletions(-)
M	.local.git.out
M	shell.l
M	shell.y
Your branch is up to date with 'origin/master'.
[master 3377280] Commit
 3 files changed, 8 insertions(+), 9 deletions(-)
M	.local.git.out
M	shell.l
M	test-shell/testall.out
Your branch is up to date with 'origin/master'.
[master f3c61d4] Commit
 3 files changed, 86 insertions(+), 197 deletions(-)
 rewrite shell.l (74%)
M	.local.git.out
Your branch is up to date with 'origin/master'.
[master 313fb5e] Commit
 1 file changed, 5 insertions(+)
M	.local.git.out
M	shell.y
M	test-shell/file-list-1
M	test-shell/file-list-2
M	test-shell/testall.out
Your branch is up to date with 'origin/master'.
[master be8878e] Commit
 5 files changed, 10 insertions(+), 8 deletions(-)
M	.local.git.out
M	command.cc
M	command.hh
Your branch is up to date with 'origin/master'.
[master 6081256] Commit
 3 files changed, 14 insertions(+), 10 deletions(-)
M	.local.git.out
M	shell.cc
Your branch is up to date with 'origin/master'.
[master 339acde] Commit
 2 files changed, 5 insertions(+), 13 deletions(-)
M	.local.git.out
M	shell.cc
M	test-shell/testall.out
Your branch is up to date with 'origin/master'.
[master e834b94] Commit
 3 files changed, 20 insertions(+), 1 deletion(-)
M	.local.git.out
Your branch is up to date with 'origin/master'.
[master c1242ce] Commit
 1 file changed, 4 insertions(+)
M	.local.git.out
M	shell.cc
M	shell.l
M	test-shell/file-list-1
M	test-shell/file-list-2
Your branch is up to date with 'origin/master'.
[master 98e775b] Commit
 5 files changed, 46 insertions(+), 3 deletions(-)
M	.local.git.out
M	shell.cc
M	shell.l
M	shell.y
M	test-shell/file-list-1
M	test-shell/file-list-2
Your branch is up to date with 'origin/master'.
[master 2525d13] Commit
 6 files changed, 169 insertions(+), 81 deletions(-)
 rewrite shell.cc (77%)
M	.local.git.out
Your branch is up to date with 'origin/master'.
[master bf35654] Commit
 1 file changed, 5 insertions(+)
M	.local.git.out
M	shell.l
M	shell.y
Your branch is up to date with 'origin/master'.
[master e7568f8] Commit
 3 files changed, 93 insertions(+), 240 deletions(-)
 rewrite shell.l (77%)
M	.local.git.out
M	shell.cc
M	test-shell/testall.out
Your branch is up to date with 'origin/master'.
[master e9bbeb2] Commit
 3 files changed, 57 insertions(+), 3 deletions(-)
M	.local.git.out
M	command.cc
M	command.hh
M	shell.cc
Your branch is up to date with 'origin/master'.
[master 73abe4b] Commit
 4 files changed, 191 insertions(+), 93 deletions(-)
 rewrite shell.cc (77%)
M	.local.git.out
D	outfile
M	shell.cc
M	shell.l
M	shell.y
D	shell1.l
D	shell1.y
M	test-shell/testall.out
Your branch is up to date with 'origin/master'.
[master f70eaf5] Commit
 7 files changed, 230 insertions(+), 96 deletions(-)
 delete mode 100755 outfile
 rename shell1.y => shell.y (63%)
 delete mode 100644 shell1.l
M	.local.git.out
M	command.cc
M	command.hh
M	test-shell/file-list-1
M	test-shell/file-list-2
M	test-shell/testall.out
Your branch is up to date with 'origin/master'.
[master a6b3313] Commit
 6 files changed, 31 insertions(+), 151 deletions(-)
M	.local.git.out
M	command.cc
M	command.hh
M	test-shell/file-list-1
M	test-shell/file-list-2
Your branch is up to date with 'origin/master'.
[master 8851f2c] Commit
 5 files changed, 218 insertions(+), 18 deletions(-)
M	.local.git.out
Your branch is up to date with 'origin/master'.
[master 9e9e511] Commit
 1 file changed, 4 insertions(+)
M	.local.git.out
M	shell.y
M	test-shell/file-list-1
M	test-shell/file-list-2
Your branch is up to date with 'origin/master'.
[master fb2118c] Commit
 4 files changed, 12 insertions(+), 65 deletions(-)
M	.local.git.out
Your branch is up to date with 'origin/master'.
[master 95444b8] Commit
 1 file changed, 4 insertions(+)
M	.local.git.out
M	shell.y
M	test-shell/file-list-1
M	test-shell/file-list-2
M	test-shell/testall.out
Your branch is up to date with 'origin/master'.
[master 967f396] Commit
 5 files changed, 14 insertions(+), 4 deletions(-)
M	.local.git.out
Your branch is up to date with 'origin/master'.
[master 5dfb1da] Commit
 1 file changed, 4 insertions(+)
M	.local.git.out
M	command.cc
M	command.hh
M	test-shell/testall.out
Your branch is up to date with 'origin/master'.
[master 4f86a70] Commit
 4 files changed, 11 insertions(+), 74 deletions(-)
M	.local.git.out
M	command.cc
M	test-shell/testall.out
Your branch is up to date with 'origin/master'.
[master eb7ed20] Commit
 3 files changed, 17 insertions(+), 78 deletions(-)
M	.local.git.out
Your branch is up to date with 'origin/master'.
[master fbb6881] Commit
 1 file changed, 4 insertions(+)
M	.local.git.out
M	shell.cc
Your branch is up to date with 'origin/master'.
[master 4d284b4] Commit
 2 files changed, 33 insertions(+), 74 deletions(-)
 rewrite shell.cc (77%)
M	.local.git.out
Your branch is up to date with 'origin/master'.
[master f165383] Commit
 1 file changed, 5 insertions(+)
M	.local.git.out
M	shell.l
Your branch is up to date with 'origin/master'.
[master c5a2787] Commit
 2 files changed, 84 insertions(+), 199 deletions(-)
 rewrite shell.l (74%)
M	.local.git.out
Your branch is up to date with 'origin/master'.
[master c805c41] Commit
 1 file changed, 5 insertions(+)
M	.local.git.out
M	shell.y
M	test-shell/file-list-1
M	test-shell/file-list-2
M	test-shell/testall.out
Your branch is up to date with 'origin/master'.
[master 8d0f44b] Commit
 5 files changed, 10 insertions(+), 8 deletions(-)
M	.local.git.out
Your branch is up to date with 'origin/master'.
[master a9e2c1c] Commit
 1 file changed, 4 insertions(+)
M	.local.git.out
Your branch is up to date with 'origin/master'.
[master dd4da0f] Commit
 1 file changed, 4 insertions(+)
M	.local.git.out
M	shell.l
M	shell.y
Your branch is up to date with 'origin/master'.
[master 787ac12] Commit
 3 files changed, 18 insertions(+), 2 deletions(-)
M	.local.git.out
Your branch is up to date with 'origin/master'.
[master 9560045] Commit
 1 file changed, 4 insertions(+)
M	.local.git.out
M	command.cc
Your branch is up to date with 'origin/master'.
[master d9b6408] Commit
 2 files changed, 7 insertions(+), 1 deletion(-)
M	.local.git.out
M	command.cc
Your branch is up to date with 'origin/master'.
[master 88ee444] Commit
 2 files changed, 8 insertions(+), 2 deletions(-)
M	.local.git.out
Your branch is up to date with 'origin/master'.
[master 8fbf7cc] Commit
 1 file changed, 4 insertions(+)
M	.local.git.out
Your branch is up to date with 'origin/master'.
[master f1a4ce1] Commit
 1 file changed, 4 insertions(+)
M	.local.git.out
Your branch is up to date with 'origin/master'.
[master b315648] Commit
 1 file changed, 4 insertions(+)
M	.local.git.out
M	command.cc
M	"test-shell/\""
M	test-shell/file-list-1
M	test-shell/file-list-2
M	test-shell/testall.out
Your branch is up to date with 'origin/master'.
[master 0a1524c] Commit
 6 files changed, 11 insertions(+), 68 deletions(-)
 rewrite test-shell/file-list-2 (100%)
M	.local.git.out
M	shell.y
M	"test-shell/\""
M	test-shell/file-list-1
M	test-shell/file-list-2
M	test-shell/testall.out
Your branch is up to date with 'origin/master'.
[master 0f4788a] Commit
 6 files changed, 77 insertions(+), 3 deletions(-)
M	.local.git.out
M	shell.cc
M	test-shell/testall.out
Your branch is up to date with 'origin/master'.
[master 09ebdbb] Commit
 3 files changed, 13 insertions(+), 1 deletion(-)
M	.local.git.out
Your branch is up to date with 'origin/master'.
[master 086039a] Commit
 1 file changed, 4 insertions(+)
M	.local.git.out
M	command.cc
M	command.hh
M	shell.cc
M	shell.l
M	shell.y
Your branch is up to date with 'origin/master'.
[master 70995b4] Commit
 6 files changed, 310 insertions(+), 13 deletions(-)
M	.local.git.out
Your branch is up to date with 'origin/master'.
[master 25f4655] Commit
 1 file changed, 4 insertions(+)
M	.local.git.out
M	command.cc
M	command.hh
M	shell.cc
M	shell.l
M	shell.y
M	simpleCommand.cc
M	simpleCommand.hh
M	test-shell/file-list-1
M	test-shell/file-list-2
M	test-shell/testall.out
Your branch is up to date with 'origin/master'.
[master 9fbbf8f] Commit
 11 files changed, 157 insertions(+), 74 deletions(-)
M	.local.git.out
Your branch is up to date with 'origin/master'.
[master f1cafca] Commit
 1 file changed, 4 insertions(+)
M	.local.git.out
M	command.cc
M	command.hh
M	shell.cc
M	shell.l
M	shell.y
M	simpleCommand.cc
M	simpleCommand.hh
M	test-shell/testall.out
Your branch is up to date with 'origin/master'.
[master b400180] Commit
 9 files changed, 115 insertions(+), 170 deletions(-)
 rewrite simpleCommand.cc (73%)
M	.local.git.out
M	command.cc
M	test-shell/testall.out
Your branch is up to date with 'origin/master'.
[master 91ca5d6] Commit
 3 files changed, 14 insertions(+), 5 deletions(-)
M	.local.git.out
M	shell.cc
M	test-shell/testall.out
Your branch is up to date with 'origin/master'.
[master fa37623] Commit
 3 files changed, 8 insertions(+), 2 deletions(-)
M	.local.git.out
Your branch is up to date with 'origin/master'.
[master 39b0487] Commit
 1 file changed, 4 insertions(+)
M	.local.git.out
M	shell.cc
Your branch is up to date with 'origin/master'.
[master 7b1dd8f] Commit
 2 files changed, 7 insertions(+), 2 deletions(-)
M	.local.git.out
M	test-shell/testall.out
Your branch is up to date with 'origin/master'.
[master eeb0354] Commit
 2 files changed, 6 insertions(+), 1 deletion(-)
M	.local.git.out
Your branch is up to date with 'origin/master'.
[master 8b82da0] Commit
 1 file changed, 4 insertions(+)
M	.local.git.out
M	Makefile
Your branch is up to date with 'origin/master'.
[master f276195] Commit
 2 files changed, 6 insertions(+), 1 deletion(-)
M	.local.git.out
M	shell.cc
Your branch is up to date with 'origin/master'.
[master f2f76d8] Commit
 2 files changed, 6 insertions(+), 1 deletion(-)
M	.local.git.out
Your branch is up to date with 'origin/master'.
[master 4ea05a2] Commit
 1 file changed, 4 insertions(+)
M	.local.git.out
M	command.cc
Your branch is up to date with 'origin/master'.
[master 1467bc7] Commit
 2 files changed, 7 insertions(+), 2 deletions(-)
M	.local.git.out
M	command.cc
Your branch is up to date with 'origin/master'.
[master 7a42e93] Commit
 2 files changed, 10 insertions(+), 3 deletions(-)
M	.local.git.out
M	command.cc
Your branch is up to date with 'origin/master'.
[master bdef48b] Commit
 2 files changed, 6 insertions(+), 1 deletion(-)
M	.local.git.out
Your branch is up to date with 'origin/master'.
[master aca732f] Commit
 1 file changed, 4 insertions(+)
M	.local.git.out
M	command.cc
M	test-shell/testall.out
Your branch is up to date with 'origin/master'.
[master eab3f20] Commit
 3 files changed, 9 insertions(+), 2 deletions(-)
M	.local.git.out
M	command.cc
M	test-shell/testall.out
Your branch is up to date with 'origin/master'.
[master f89232b] Commit
 3 files changed, 10 insertions(+), 3 deletions(-)
M	.local.git.out
Your branch is up to date with 'origin/master'.
[master 2eb0416] Commit
 1 file changed, 4 insertions(+)
M	.local.git.out
M	command.cc
Your branch is up to date with 'origin/master'.
[master 1685afa] Commit
 2 files changed, 7 insertions(+), 1 deletion(-)
M	.local.git.out
M	command.cc
Your branch is up to date with 'origin/master'.
[master de50106] Commit
 2 files changed, 5 insertions(+), 2 deletions(-)
M	.local.git.out
M	command.cc
Your branch is up to date with 'origin/master'.
[master 1d6f6a0] Commit
 2 files changed, 7 insertions(+), 1 deletion(-)
M	.local.git.out
M	shell.l
M	shell.y
Your branch is up to date with 'origin/master'.
